  姝ｅ湪纭畾瑕佽繕鍘熺殑椤圭洰鈥?
  鎵€鏈夐」鐩潎鏄渶鏂扮殑锛屾棤娉曡繕鍘熴€?
  ClassroomToolkit.Domain -> E:\PythonProject\ClassroomToolkit\src\ClassroomToolkit.Domain\bin\Debug\net8.0\ClassroomToolkit.Domain.dll
  ClassroomToolkit.Interop -> E:\PythonProject\ClassroomToolkit\src\ClassroomToolkit.Interop\bin\Debug\net8.0-windows\ClassroomToolkit.Interop.dll
  ClassroomToolkit.Infra -> E:\PythonProject\ClassroomToolkit\src\ClassroomToolkit.Infra\bin\Debug\net8.0\ClassroomToolkit.Infra.dll
  ClassroomToolkit.Services -> E:\PythonProject\ClassroomToolkit\src\ClassroomToolkit.Services\bin\Debug\net8.0-windows\ClassroomToolkit.Services.dll
  ClassroomToolkit.Tests -> E:\PythonProject\ClassroomToolkit\tests\ClassroomToolkit.Tests\bin\Debug\net8.0-windows\ClassroomToolkit.Tests.dll
E:\PythonProject\ClassroomToolkit\src\ClassroomToolkit.App\Paint\PaintOverlayWindow.xaml.cs(29,7): warning CS0105: 鈥淐lassroomToolkit.App.Ink鈥濈殑 using 鎸囦护浠ュ墠鍦ㄦ鍛藉悕绌洪棿涓嚭鐜拌繃 [E:\PythonProject\ClassroomToolkit\src\ClassroomToolkit.App\ClassroomToolkit.App_la1ihpg2_wpftmp.csproj]
E:\PythonProject\ClassroomToolkit\src\ClassroomToolkit.App\Ink\WpsSlideShowTracker.cs(219,45): warning CS8602: 瑙ｅ紩鐢ㄥ彲鑳藉嚭鐜扮┖寮曠敤銆?[E:\PythonProject\ClassroomToolkit\src\ClassroomToolkit.App\ClassroomToolkit.App_la1ihpg2_wpftmp.csproj]
E:\PythonProject\ClassroomToolkit\src\ClassroomToolkit.App\Ink\WpsSlideShowTracker.cs(221,33): warning CS8602: 瑙ｅ紩鐢ㄥ彲鑳藉嚭鐜扮┖寮曠敤銆?[E:\PythonProject\ClassroomToolkit\src\ClassroomToolkit.App\ClassroomToolkit.App_la1ihpg2_wpftmp.csproj]
E:\PythonProject\ClassroomToolkit\src\ClassroomToolkit.App\Ink\F5InterceptorController.cs(49,26): warning CS0067: 浠庝笉浣跨敤浜嬩欢鈥淔5InterceptorController.UipiRestrictionDetected鈥?[E:\PythonProject\ClassroomToolkit\src\ClassroomToolkit.App\ClassroomToolkit.App_la1ihpg2_wpftmp.csproj]
E:\PythonProject\ClassroomToolkit\src\ClassroomToolkit.App\Paint\PaintOverlayWindow.xaml.cs(29,7): warning CS0105: 鈥淐lassroomToolkit.App.Ink鈥濈殑 using 鎸囦护浠ュ墠鍦ㄦ鍛藉悕绌洪棿涓嚭鐜拌繃 [E:\PythonProject\ClassroomToolkit\src\ClassroomToolkit.App\ClassroomToolkit.App.csproj]
E:\PythonProject\ClassroomToolkit\src\ClassroomToolkit.App\Ink\WpsSlideShowTracker.cs(219,45): warning CS8602: 瑙ｅ紩鐢ㄥ彲鑳藉嚭鐜扮┖寮曠敤銆?[E:\PythonProject\ClassroomToolkit\src\ClassroomToolkit.App\ClassroomToolkit.App.csproj]
E:\PythonProject\ClassroomToolkit\src\ClassroomToolkit.App\Ink\WpsSlideShowTracker.cs(221,33): warning CS8602: 瑙ｅ紩鐢ㄥ彲鑳藉嚭鐜扮┖寮曠敤銆?[E:\PythonProject\ClassroomToolkit\src\ClassroomToolkit.App\ClassroomToolkit.App.csproj]
E:\PythonProject\ClassroomToolkit\src\ClassroomToolkit.App\Ink\F5InterceptorController.cs(49,26): warning CS0067: 浠庝笉浣跨敤浜嬩欢鈥淔5InterceptorController.UipiRestrictionDetected鈥?[E:\PythonProject\ClassroomToolkit\src\ClassroomToolkit.App\ClassroomToolkit.App.csproj]
  ClassroomToolkit.App -> E:\PythonProject\ClassroomToolkit\src\ClassroomToolkit.App\bin\Debug\net8.0-windows\ClassroomToolkit.App.dll

宸叉垚鍔熺敓鎴愩€?

E:\PythonProject\ClassroomToolkit\src\ClassroomToolkit.App\Paint\PaintOverlayWindow.xaml.cs(29,7): warning CS0105: 鈥淐lassroomToolkit.App.Ink鈥濈殑 using 鎸囦护浠ュ墠鍦ㄦ鍛藉悕绌洪棿涓嚭鐜拌繃 [E:\PythonProject\ClassroomToolkit\src\ClassroomToolkit.App\ClassroomToolkit.App_la1ihpg2_wpftmp.csproj]
E:\PythonProject\ClassroomToolkit\src\ClassroomToolkit.App\Ink\WpsSlideShowTracker.cs(219,45): warning CS8602: 瑙ｅ紩鐢ㄥ彲鑳藉嚭鐜扮┖寮曠敤銆?[E:\PythonProject\ClassroomToolkit\src\ClassroomToolkit.App\ClassroomToolkit.App_la1ihpg2_wpftmp.csproj]
E:\PythonProject\ClassroomToolkit\src\ClassroomToolkit.App\Ink\WpsSlideShowTracker.cs(221,33): warning CS8602: 瑙ｅ紩鐢ㄥ彲鑳藉嚭鐜扮┖寮曠敤銆?[E:\PythonProject\ClassroomToolkit\src\ClassroomToolkit.App\ClassroomToolkit.App_la1ihpg2_wpftmp.csproj]
E:\PythonProject\ClassroomToolkit\src\ClassroomToolkit.App\Ink\F5InterceptorController.cs(49,26): warning CS0067: 浠庝笉浣跨敤浜嬩欢鈥淔5InterceptorController.UipiRestrictionDetected鈥?[E:\PythonProject\ClassroomToolkit\src\ClassroomToolkit.App\ClassroomToolkit.App_la1ihpg2_wpftmp.csproj]
E:\PythonProject\ClassroomToolkit\src\ClassroomToolkit.App\Paint\PaintOverlayWindow.xaml.cs(29,7): warning CS0105: 鈥淐lassroomToolkit.App.Ink鈥濈殑 using 鎸囦护浠ュ墠鍦ㄦ鍛藉悕绌洪棿涓嚭鐜拌繃 [E:\PythonProject\ClassroomToolkit\src\ClassroomToolkit.App\ClassroomToolkit.App.csproj]
E:\PythonProject\ClassroomToolkit\src\ClassroomToolkit.App\Ink\WpsSlideShowTracker.cs(219,45): warning CS8602: 瑙ｅ紩鐢ㄥ彲鑳藉嚭鐜扮┖寮曠敤銆?[E:\PythonProject\ClassroomToolkit\src\ClassroomToolkit.App\ClassroomToolkit.App.csproj]
E:\PythonProject\ClassroomToolkit\src\ClassroomToolkit.App\Ink\WpsSlideShowTracker.cs(221,33): warning CS8602: 瑙ｅ紩鐢ㄥ彲鑳藉嚭鐜扮┖寮曠敤銆?[E:\PythonProject\ClassroomToolkit\src\ClassroomToolkit.App\ClassroomToolkit.App.csproj]
E:\PythonProject\ClassroomToolkit\src\ClassroomToolkit.App\Ink\F5InterceptorController.cs(49,26): warning CS0067: 浠庝笉浣跨敤浜嬩欢鈥淔5InterceptorController.UipiRestrictionDetected鈥?[E:\PythonProject\ClassroomToolkit\src\ClassroomToolkit.App\ClassroomToolkit.App.csproj]
    8 涓鍛?
    0 涓敊璇?

宸茬敤鏃堕棿 00:00:03.94
